<?xml version="1.0" encoding="UTF-8"?>
<testng-results ignored="0" total="1" passed="1" failed="0" skipped="0">
  <reporter-output>
  </reporter-output>
  <suite started-at="2023-02-15T16:42:15 IST" name="Default Suite" finished-at="2023-02-15T16:43:12 IST" duration-ms="57093">
    <groups>
    </groups>
    <test started-at="2023-02-15T16:42:15 IST" name="appimtests" finished-at="2023-02-15T16:43:12 IST" duration-ms="57093">
      <class name="Forget_PassWord">
        <test-method signature="openSagesurfer()[pri:0, instance:Forget_PassWord@7692d9cc]" started-at="2023-02-15T16:42:15 IST" name="openSagesurfer" finished-at="2023-02-15T16:43:12 IST" duration-ms="57028" status="PASS">
          <reporter-output>
          </reporter-output>
        </test-method> <!-- openSagesurfer -->
      </class> <!-- Forget_PassWord -->
    </test> <!-- appimtests -->
  </suite> <!-- Default Suite -->
</testng-results>
